  RawSocket.cpp
c:\users\admin\documents\visual studio 2017\projects\rawsocket\rawsocket\rawsocket.cpp(12): warning C4005: “UNICODE”: 宏重定义
  c:\users\admin\documents\visual studio 2017\projects\rawsocket\rawsocket\rawsocket.cpp(12): note: 命令行参数: 参见前面的“UNICODE”定义
c:\users\admin\documents\visual studio 2017\projects\rawsocket\rawsocket\rawsocket.cpp(22): warning C4996: 'strnicmp': The POSIX name for this item is deprecated. Instead, use the ISO C and C++ conformant name: _strnicmp. See online help for details.
  c:\program files (x86)\windows kits\10\include\10.0.14393.0\ucrt\string.h(557): note: 参见“strnicmp”的声明
c:\users\admin\documents\visual studio 2017\projects\rawsocket\rawsocket\rawsocket.cpp(24): warning C4996: 'sscanf': This function or variable may be unsafe. Consider using sscanf_s instead. To disable deprecation, use _CRT_SECURE_NO_WARNINGS. See online help for details.
  c:\program files (x86)\windows kits\10\include\10.0.14393.0\ucrt\stdio.h(2254): note: 参见“sscanf”的声明
c:\users\admin\documents\visual studio 2017\projects\rawsocket\rawsocket\rawsocket.cpp(26): warning C4996: 'strnicmp': The POSIX name for this item is deprecated. Instead, use the ISO C and C++ conformant name: _strnicmp. See online help for details.
  c:\program files (x86)\windows kits\10\include\10.0.14393.0\ucrt\string.h(557): note: 参见“strnicmp”的声明
c:\users\admin\documents\visual studio 2017\projects\rawsocket\rawsocket\rawsocket.cpp(28): warning C4996: 'sscanf': This function or variable may be unsafe. Consider using sscanf_s instead. To disable deprecation, use _CRT_SECURE_NO_WARNINGS. See online help for details.
  c:\program files (x86)\windows kits\10\include\10.0.14393.0\ucrt\stdio.h(2254): note: 参见“sscanf”的声明
c:\users\admin\documents\visual studio 2017\projects\rawsocket\rawsocket\rawsocket.cpp(30): warning C4996: 'sprintf': This function or variable may be unsafe. Consider using sprintf_s instead. To disable deprecation, use _CRT_SECURE_NO_WARNINGS. See online help for details.
  c:\program files (x86)\windows kits\10\include\10.0.14393.0\ucrt\stdio.h(1769): note: 参见“sprintf”的声明
c:\users\admin\documents\visual studio 2017\projects\rawsocket\rawsocket\rawsocket.cpp(74): warning C4996: 'strcpy': This function or variable may be unsafe. Consider using strcpy_s instead. To disable deprecation, use _CRT_SECURE_NO_WARNINGS. See online help for details.
  c:\program files (x86)\windows kits\10\include\10.0.14393.0\ucrt\string.h(129): note: 参见“strcpy”的声明
c:\users\admin\documents\visual studio 2017\projects\rawsocket\rawsocket\rawsocket.cpp(75): warning C4996: 'strcpy': This function or variable may be unsafe. Consider using strcpy_s instead. To disable deprecation, use _CRT_SECURE_NO_WARNINGS. See online help for details.
  c:\program files (x86)\windows kits\10\include\10.0.14393.0\ucrt\string.h(129): note: 参见“strcpy”的声明
c:\users\admin\documents\visual studio 2017\projects\rawsocket\rawsocket\rawsocket.cpp(103): warning C4996: 'gethostbyname': Use getaddrinfo() or GetAddrInfoW() instead or define _WINSOCK_DEPRECATED_NO_WARNINGS to disable deprecated API warnings
  c:\program files (x86)\windows kits\10\include\10.0.14393.0\um\winsock2.h(2216): note: 参见“gethostbyname”的声明
c:\users\admin\documents\visual studio 2017\projects\rawsocket\rawsocket\rawsocket.cpp(111): warning C4996: 'inet_ntoa': Use inet_ntop() or InetNtop() instead or define _WINSOCK_DEPRECATED_NO_WARNINGS to disable deprecated API warnings
  c:\program files (x86)\windows kits\10\include\10.0.14393.0\um\winsock2.h(1846): note: 参见“inet_ntoa”的声明
  RawSocket.vcxproj -> c:\users\admin\documents\visual studio 2017\Projects\RawSocket\Debug\RawSocket.exe
  RawSocket.vcxproj -> c:\users\admin\documents\visual studio 2017\Projects\RawSocket\Debug\RawSocket.pdb (Partial PDB)
